<?xml version="1.0" encoding="UTF-8"?>
<!-- Generated by org.testng.reporters.JUnitReportReporter -->
<testsuite skipped="0" hostname="c-PC" name="testcases.VerifyLoginPage" tests="1" failures="0" timestamp="2020-05-19T08:57:22 IST" time="21.837" errors="0">
  <testcase name="verifyLoginPage" time="21.837" classname="testcases.VerifyLoginPage"/>
  <system-out/>
</testsuite> <!-- testcases.VerifyLoginPage -->
